oitei.corpus.corpus - INFO - Determining directory structure for: 0570AbuCammarCabdKafiIbadi.Mujaz.ShamIbadiyya0000730-ara1
oitei.corpus.corpus - INFO - Converted ../OpenITI-Corpus/0575AH/data/0570AbuCammarCabdKafiIbadi/0570AbuCammarCabdKafiIbadi.Mujaz/0570AbuCammarCabdKafiIbadi.Mujaz.ShamIbadiyya0000730-ara1
oitei.corpus.corpus - INFO - Determining directory structure for: 0555IbnMuhammadHamadhaniTai.ArbacunaFiIrshad.Shamela0026842-ara1
oitei.corpus.corpus - INFO - Converted ../OpenITI-Corpus/0575AH/data/0555IbnMuhammadHamadhaniTai/0555IbnMuhammadHamadhaniTai.ArbacunaFiIrshad/0555IbnMuhammadHamadhaniTai.ArbacunaFiIrshad.Shamela0026842-ara1
oitei.corpus.corpus - INFO - Determining directory structure for: 0562Samcani.Tahbir.JK001322-ara1
oitei.corpus.corpus - INFO - Converted ../OpenITI-Corpus/0575AH/data/0562Samcani/0562Samcani.Tahbir/0562Samcani.Tahbir.JK001322-ara1
oitei.corpus.corpus - INFO - Determining directory structure for: 0562Samcani.Tahbir.Shamela0001694-ara1.completed
oitei.corpus.corpus - INFO - Converted ../OpenITI-Corpus/0575AH/data/0562Samcani/0562Samcani.Tahbir/0562Samcani.Tahbir.Shamela0001694-ara1.completed
oitei.corpus.corpus - INFO - Determining directory structure for: 0562Samcani.FadailSham.Shamela0012743-ara1
oitei.corpus.corpus - INFO - Converted ../OpenITI-Corpus/0575AH/data/0562Samcani/0562Samcani.FadailSham/0562Samcani.FadailSham.Shamela0012743-ara1
oitei.corpus.corpus - INFO - Determining directory structure for: 0562Samcani.Muntakhab.Shamela0021556-ara1.completed
oitei.corpus.corpus - INFO - Converted ../OpenITI-Corpus/0575AH/data/0562Samcani/0562Samcani.Muntakhab/0562Samcani.Muntakhab.Shamela0021556-ara1.completed
oitei.corpus.corpus - INFO - Determining directory structure for: 0562Samcani.Ansab.ShamAY0034668-ara1
oitei.corpus.corpus - INFO - Converted ../OpenITI-Corpus/0575AH/data/0562Samcani/0562Samcani.Ansab/0562Samcani.Ansab.ShamAY0034668-ara1
oitei.corpus.corpus - INFO - Determining directory structure for: 0562Samcani.Ansab.Sham30K0002009-ara1
oitei.corpus.corpus - INFO - Converted ../OpenITI-Corpus/0575AH/data/0562Samcani/0562Samcani.Ansab/0562Samcani.Ansab.Sham30K0002009-ara1
oitei.corpus.corpus - INFO - Determining directory structure for: 0562Samcani.Ansab.Shamela0012317-ara1.completed
oitei.corpus.corpus - INFO - Converted ../OpenITI-Corpus/0575AH/data/0562Samcani/0562Samcani.Ansab/0562Samcani.Ansab.Shamela0012317-ara1.completed
oitei.corpus.corpus - INFO - Determining directory structure for: 0562Samcani.Ansab.Sham30K0012317-ara1
oitei.corpus.corpus - INFO - Converted ../OpenITI-Corpus/0575AH/data/0562Samcani/0562Samcani.Ansab/0562Samcani.Ansab.Sham30K0012317-ara1
oitei.corpus.corpus - INFO - Determining directory structure for: 0562Samcani.Ansab.Shia003430Vols-ara1
oitei.corpus.corpus - INFO - Converted ../OpenITI-Corpus/0575AH/data/0562Samcani/0562Samcani.Ansab/0562Samcani.Ansab.Shia003430Vols-ara1
oitei.corpus.corpus - INFO - Determining directory structure for: 0562Samcani.Ansab.Sham30K0045603-ara1
oitei.corpus.corpus - INFO - Converted ../OpenITI-Corpus/0575AH/data/0562Samcani/0562Samcani.Ansab/0562Samcani.Ansab.Sham30K0045603-ara1
oitei.corpus.corpus - INFO - Determining directory structure for: 0562Samcani.Ansab.JK000952-ara1.completed
oitei.corpus.corpus - INFO - Converted ../OpenITI-Corpus/0575AH/data/0562Samcani/0562Samcani.Ansab/0562Samcani.Ansab.JK000952-ara1.completed
oitei.corpus.corpus - INFO - Determining directory structure for: 0562Samcani.AdabImla.Shia002173-ara1
oitei.corpus.corpus - INFO - Converted ../OpenITI-Corpus/0575AH/data/0562Samcani/0562Samcani.AdabImla/0562Samcani.AdabImla.Shia002173-ara1
oitei.corpus.corpus - INFO - Determining directory structure for: 0562Samcani.AdabImla.JK000448-ara1
oitei.corpus.corpus - INFO - Converted ../OpenITI-Corpus/0575AH/data/0562Samcani/0562Samcani.AdabImla/0562Samcani.AdabImla.JK000448-ara1
oitei.corpus.corpus - INFO - Determining directory structure for: 0562Samcani.AdabImla.Shamela0006018-ara1
oitei.corpus.corpus - INFO - Converted ../OpenITI-Corpus/0575AH/data/0562Samcani/0562Samcani.AdabImla/0562Samcani.AdabImla.Shamela0006018-ara1
oitei.corpus.corpus - INFO - Determining directory structure for: 0567IbnKhashshabBaghdadi.Murtajal.Sham19Y0018262-ara1
oitei.corpus.corpus - INFO - Converted ../OpenITI-Corpus/0575AH/data/0567IbnKhashshabBaghdadi/0567IbnKhashshabBaghdadi.Murtajal/0567IbnKhashshabBaghdadi.Murtajal.Sham19Y0018262-ara1
oitei.corpus.corpus - INFO - Determining directory structure for: 0567IbnKhashshabBaghdadi.TarikhMawalidAimma.Shia001342-ara1
oitei.corpus.corpus - INFO - Converted ../OpenITI-Corpus/0575AH/data/0567IbnKhashshabBaghdadi/0567IbnKhashshabBaghdadi.TarikhMawalidAimma/0567IbnKhashshabBaghdadi.TarikhMawalidAimma.Shia001342-ara1
oitei.corpus.corpus - INFO - Determining directory structure for: 0573QadiJacfar.MaqawidInsaf.Kraken22021802055301-ara1
oitei.corpus.corpus - INFO - Converted ../OpenITI-Corpus/0575AH/data/0573QadiJacfar/0573QadiJacfar.MaqawidInsaf/0573QadiJacfar.MaqawidInsaf.Kraken22021802055301-ara1
oitei.corpus.corpus - INFO - Determining directory structure for: 0568IbnZafar.SulwanMutac.Kraken22020804103901-ara1
oitei.corpus.corpus - INFO - Converted ../OpenITI-Corpus/0575AH/data/0568IbnZafar/0568IbnZafar.SulwanMutac/0568IbnZafar.SulwanMutac.Kraken22020804103901-ara1
oitei.corpus.corpus - INFO - Determining directory structure for: 0568IbnZafar.AnbaNujabaAbna.Kraken220208041045-ara1
oitei.corpus.corpus - INFO - Converted ../OpenITI-Corpus/0575AH/data/0568IbnZafar/0568IbnZafar.AnbaNujabaAbna/0568IbnZafar.AnbaNujabaAbna.Kraken220208041045-ara1
oitei.corpus.corpus - INFO - Determining directory structure for: 0571IbnIbrahimIbnSacdKhayrAnsari.QurtCalaKamil.JK010670-ara1
oitei.corpus.corpus - INFO - Converted ../OpenITI-Corpus/0575AH/data/0571IbnIbrahimIbnSacdKhayrAnsari/0571IbnIbrahimIbnSacdKhayrAnsari.QurtCalaKamil/0571IbnIbrahimIbnSacdKhayrAnsari.QurtCalaKamil.JK010670-ara1
oitei.corpus.corpus - INFO - Determining directory structure for: 0571IbnIbrahimIbnSacdKhayrAnsari.QurtCalaKamil.Shamela0000670-ara1
oitei.corpus.corpus - INFO - Converted ../OpenITI-Corpus/0575AH/data/0571IbnIbrahimIbnSacdKhayrAnsari/0571IbnIbrahimIbnSacdKhayrAnsari.QurtCalaKamil/0571IbnIbrahimIbnSacdKhayrAnsari.QurtCalaKamil.Shamela0000670-ara1
oitei.corpus.corpus - INFO - Determining directory structure for: 0573RashidWatwat.MatlubKullTalib.Shia001347-ara1
oitei.corpus.corpus - INFO - Converted ../OpenITI-Corpus/0575AH/data/0573RashidWatwat/0573RashidWatwat.MatlubKullTalib/0573RashidWatwat.MatlubKullTalib.Shia001347-ara1
oitei.corpus.corpus - INFO - Determining directory structure for: 0569IbnKulaybHarrani.Ahadith.ShamAY0032898-ara1
oitei.corpus.corpus - INFO - Converted ../OpenITI-Corpus/0575AH/data/0569IbnKulaybHarrani/0569IbnKulaybHarrani.Ahadith/0569IbnKulaybHarrani.Ahadith.ShamAY0032898-ara1
oitei.corpus.corpus - INFO - Determining directory structure for: 0569IbnKulaybHarrani.Mashyakha.ShamAY0032834-ara1
oitei.corpus.corpus - INFO - Converted ../OpenITI-Corpus/0575AH/data/0569IbnKulaybHarrani/0569IbnKulaybHarrani.Mashyakha/0569IbnKulaybHarrani.Mashyakha.ShamAY0032834-ara1
oitei.corpus.corpus - INFO - Determining directory structure for: 0553BayanHaqqNaysaburi.BahirBurhan.Shamela0037538-ara1
oitei.corpus.corpus - INFO - Converted ../OpenITI-Corpus/0575AH/data/0553BayanHaqqNaysaburi/0553BayanHaqqNaysaburi.BahirBurhan/0553BayanHaqqNaysaburi.BahirBurhan.Shamela0037538-ara1
oitei.corpus.corpus - INFO - Determining directory structure for: 0553BayanHaqqNaysaburi.IjazBayan.Shamela0023593-ara1
oitei.corpus.corpus - INFO - Converted ../OpenITI-Corpus/0575AH/data/0553BayanHaqqNaysaburi/0553BayanHaqqNaysaburi.IjazBayan/0553BayanHaqqNaysaburi.IjazBayan.Shamela0023593-ara1
oitei.corpus.corpus - INFO - Determining directory structure for: 0575IbnKhayrIshbili.Fahrasa.Sham19Y0016626-ara2
oitei.corpus.corpus - INFO - Converted ../OpenITI-Corpus/0575AH/data/0575IbnKhayrIshbili/0575IbnKhayrIshbili.Fahrasa/0575IbnKhayrIshbili.Fahrasa.Sham19Y0016626-ara2
oitei.corpus.corpus - INFO - Determining directory structure for: 0575IbnKhayrIshbili.Fahrasa.JK001084-ara1.mARkdown
oitei.corpus.corpus - INFO - Converted ../OpenITI-Corpus/0575AH/data/0575IbnKhayrIshbili/0575IbnKhayrIshbili.Fahrasa/0575IbnKhayrIshbili.Fahrasa.JK001084-ara1.mARkdown
oitei.corpus.corpus - INFO - Determining directory structure for: 0575IbnKhayrIshbili.Fahrasa.Shamela0010726-ara1
oitei.corpus.corpus - INFO - Converted ../OpenITI-Corpus/0575AH/data/0575IbnKhayrIshbili/0575IbnKhayrIshbili.Fahrasa/0575IbnKhayrIshbili.Fahrasa.Shamela0010726-ara1
oitei.corpus.corpus - INFO - Determining directory structure for: 0569BinyaminTutili.Rihla.Masaha004577-ara1
oitei.corpus.corpus - INFO - Converted ../OpenITI-Corpus/0575AH/data/0569BinyaminTutili/0569BinyaminTutili.Rihla/0569BinyaminTutili.Rihla.Masaha004577-ara1
oitei.corpus.corpus - INFO - Determining directory structure for: 0569BinyaminTutili.Rihla.Shamela0011681-ara1
oitei.corpus.corpus - INFO - Converted ../OpenITI-Corpus/0575AH/data/0569BinyaminTutili/0569BinyaminTutili.Rihla/0569BinyaminTutili.Rihla.Shamela0011681-ara1
oitei.corpus.corpus - INFO - Determining directory structure for: 0563AbuCalaKirmani.MafatihAghani.Shamela0021819-ara1
oitei.corpus.corpus - INFO - Converted ../OpenITI-Corpus/0575AH/data/0563AbuCalaKirmani/0563AbuCalaKirmani.MafatihAghani/0563AbuCalaKirmani.MafatihAghani.Shamela0021819-ara1
oitei.corpus.corpus - INFO - Determining directory structure for: 0571IbnCasakir.DhammQuranaSu.Shamela0026861-ara1
oitei.corpus.corpus - INFO - Converted ../OpenITI-Corpus/0575AH/data/0571IbnCasakir/0571IbnCasakir.DhammQuranaSu/0571IbnCasakir.DhammQuranaSu.Shamela0026861-ara1
oitei.corpus.corpus - INFO - Determining directory structure for: 0571IbnCasakir.FadlUmmMumininCaisha.Shamela0026735-ara1
oitei.corpus.corpus - INFO - Converted ../OpenITI-Corpus/0575AH/data/0571IbnCasakir/0571IbnCasakir.FadlUmmMumininCaisha/0571IbnCasakir.FadlUmmMumininCaisha.Shamela0026735-ara1
oitei.corpus.corpus - INFO - Determining directory structure for: 0571IbnCasakir.FadilatDhikrAllah.Shamela0026719-ara1
oitei.corpus.corpus - INFO - Converted ../OpenITI-Corpus/0575AH/data/0571IbnCasakir/0571IbnCasakir.FadilatDhikrAllah/0571IbnCasakir.FadilatDhikrAllah.Shamela0026719-ara1
oitei.corpus.corpus - INFO - Determining directory structure for: 0571IbnCasakir.MadhTawaduc.Shamela0012747-ara1
oitei.corpus.corpus - INFO - Converted ../OpenITI-Corpus/0575AH/data/0571IbnCasakir/0571IbnCasakir.MadhTawaduc/0571IbnCasakir.MadhTawaduc.Shamela0012747-ara1
oitei.corpus.corpus - INFO - Determining directory structure for: 0571IbnCasakir.ArbacunaAbdalCawali.Shamela0026742-ara1
oitei.corpus.corpus - INFO - Converted ../OpenITI-Corpus/0575AH/data/0571IbnCasakir/0571IbnCasakir.ArbacunaAbdalCawali/0571IbnCasakir.ArbacunaAbdalCawali.Shamela0026742-ara1
oitei.corpus.corpus - INFO - Determining directory structure for: 0571IbnCasakir.Tawba.JK000068-ara1
oitei.corpus.corpus - INFO - Converted ../OpenITI-Corpus/0575AH/data/0571IbnCasakir/0571IbnCasakir.Tawba/0571IbnCasakir.Tawba.JK000068-ara1
oitei.corpus.corpus - INFO - Determining directory structure for: 0571IbnCasakir.Tawba.ShamAY0033615-ara1
oitei.corpus.corpus - INFO - Converted ../OpenITI-Corpus/0575AH/data/0571IbnCasakir/0571IbnCasakir.Tawba/0571IbnCasakir.Tawba.ShamAY0033615-ara1
oitei.corpus.corpus - INFO - Determining directory structure for: 0571IbnCasakir.Tawba.Shamela0026465-ara1
oitei.corpus.corpus - INFO - Converted ../OpenITI-Corpus/0575AH/data/0571IbnCasakir/0571IbnCasakir.Tawba/0571IbnCasakir.Tawba.Shamela0026465-ara1
oitei.corpus.corpus - INFO - Determining directory structure for: 0571IbnCasakir.FadlShahrRamadan.Shamela0026468-ara1
oitei.corpus.corpus - INFO - Converted ../OpenITI-Corpus/0575AH/data/0571IbnCasakir/0571IbnCasakir.FadlShahrRamadan/0571IbnCasakir.FadlShahrRamadan.Shamela0026468-ara1
oitei.corpus.corpus - INFO - Determining directory structure for: 0571IbnCasakir.TarikhDimashq.JK000916-ara1.mARkdown
oitei.corpus.corpus - INFO - Converted ../OpenITI-Corpus/0575AH/data/0571IbnCasakir/0571IbnCasakir.TarikhDimashq/0571IbnCasakir.TarikhDimashq.JK000916-ara1.mARkdown
oitei.corpus.corpus - INFO - Determining directory structure for: 0571IbnCasakir.TarikhDimashq.Shamela0000071-ara1
oitei.corpus.corpus - INFO - Converted ../OpenITI-Corpus/0575AH/data/0571IbnCasakir/0571IbnCasakir.TarikhDimashq/0571IbnCasakir.TarikhDimashq.Shamela0000071-ara1
oitei.corpus.corpus - INFO - Determining directory structure for: 0571IbnCasakir.TarikhDimashq.Sham30K0000071-ara1
oitei.corpus.corpus - INFO - Converted ../OpenITI-Corpus/0575AH/data/0571IbnCasakir/0571IbnCasakir.TarikhDimashq/0571IbnCasakir.TarikhDimashq.Sham30K0000071-ara1
oitei.corpus.corpus - INFO - Determining directory structure for: 0571IbnCasakir.TarikhDimashq.Sham30K0032602-ara1
oitei.corpus.corpus - INFO - Converted ../OpenITI-Corpus/0575AH/data/0571IbnCasakir/0571IbnCasakir.TarikhDimashq/0571IbnCasakir.TarikhDimashq.Sham30K0032602-ara1
oitei.corpus.corpus - INFO - Determining directory structure for: 0571IbnCasakir.TarikhDimashq.Masaha001980Vols-ara1
oitei.corpus.corpus - INFO - Converted ../OpenITI-Corpus/0575AH/data/0571IbnCasakir/0571IbnCasakir.TarikhDimashq/0571IbnCasakir.TarikhDimashq.Masaha001980Vols-ara1
oitei.corpus.corpus - INFO - Determining directory structure for: 0571IbnCasakir.TarikhDimashq.Shia003157Vols-ara1
oitei.corpus.corpus - INFO - Converted ../OpenITI-Corpus/0575AH/data/0571IbnCasakir/0571IbnCasakir.TarikhDimashq/0571IbnCasakir.TarikhDimashq.Shia003157Vols-ara1
oitei.corpus.corpus - INFO - Determining directory structure for: 0571IbnCasakir.TarikhDimashq.Sham30K0032852-ara1
oitei.corpus.corpus - INFO - Converted ../OpenITI-Corpus/0575AH/data/0571IbnCasakir/0571IbnCasakir.TarikhDimashq/0571IbnCasakir.TarikhDimashq.Sham30K0032852-ara1
oitei.corpus.corpus - INFO - Determining directory structure for: 0571IbnCasakir.TarikhDimashq.Sham30K0004624-ara1
oitei.corpus.corpus - INFO - Converted ../OpenITI-Corpus/0575AH/data/0571IbnCasakir/0571IbnCasakir.TarikhDimashq/0571IbnCasakir.TarikhDimashq.Sham30K0004624-ara1
oitei.corpus.corpus - INFO - Determining directory structure for: 0571IbnCasakir.FadailSacd.ShamAY0035228-ara1
oitei.corpus.corpus - INFO - Converted ../OpenITI-Corpus/0575AH/data/0571IbnCasakir/0571IbnCasakir.FadailSacd/0571IbnCasakir.FadailSacd.ShamAY0035228-ara1
oitei.corpus.corpus - INFO - Determining directory structure for: 0571IbnCasakir.TarjamatHasan.Shia003698-ara1
oitei.corpus.corpus - INFO - Converted ../OpenITI-Corpus/0575AH/data/0571IbnCasakir/0571IbnCasakir.TarjamatHasan/0571IbnCasakir.TarjamatHasan.Shia003698-ara1
oitei.corpus.corpus - INFO - Determining directory structure for: 0571IbnCasakir.TacziyatMuslim.Shia002180-ara1
oitei.corpus.corpus - INFO - Converted ../OpenITI-Corpus/0575AH/data/0571IbnCasakir/0571IbnCasakir.TacziyatMuslim/0571IbnCasakir.TacziyatMuslim.Shia002180-ara1
oitei.corpus.corpus - INFO - Determining directory structure for: 0571IbnCasakir.TacziyatMuslim.Shamela0006766-ara1
oitei.corpus.corpus - INFO - Converted ../OpenITI-Corpus/0575AH/data/0571IbnCasakir/0571IbnCasakir.TacziyatMuslim/0571IbnCasakir.TacziyatMuslim.Shamela0006766-ara1
oitei.corpus.corpus - INFO - Determining directory structure for: 0571IbnCasakir.TacziyatMuslim.JK000023-ara1
oitei.corpus.corpus - INFO - Converted ../OpenITI-Corpus/0575AH/data/0571IbnCasakir/0571IbnCasakir.TacziyatMuslim/0571IbnCasakir.TacziyatMuslim.JK000023-ara1
oitei.corpus.corpus - INFO - Determining directory structure for: 0571IbnCasakir.ArbacunaMinMusawat.Shamela0009371-ara1
oitei.corpus.corpus - INFO - Converted ../OpenITI-Corpus/0575AH/data/0571IbnCasakir/0571IbnCasakir.ArbacunaMinMusawat/0571IbnCasakir.ArbacunaMinMusawat.Shamela0009371-ara1
oitei.corpus.corpus - INFO - Determining directory structure for: 0571IbnCasakir.FadlYawmCarafa.Shamela0026469-ara1
oitei.corpus.corpus - INFO - Converted ../OpenITI-Corpus/0575AH/data/0571IbnCasakir/0571IbnCasakir.FadlYawmCarafa/0571IbnCasakir.FadlYawmCarafa.Shamela0026469-ara1
oitei.corpus.corpus - INFO - Determining directory structure for: 0571IbnCasakir.JuzFiFadlRajab.Shamela0022053-ara1
oitei.corpus.corpus - INFO - Converted ../OpenITI-Corpus/0575AH/data/0571IbnCasakir/0571IbnCasakir.JuzFiFadlRajab/0571IbnCasakir.JuzFiFadlRajab.Shamela0022053-ara1
oitei.corpus.corpus - INFO - Determining directory structure for: 0571IbnCasakir.FadlShacban.ShamAY0032907-ara1
oitei.corpus.corpus - INFO - Converted ../OpenITI-Corpus/0575AH/data/0571IbnCasakir/0571IbnCasakir.FadlShacban/0571IbnCasakir.FadlShacban.ShamAY0032907-ara1
oitei.corpus.corpus - INFO - Determining directory structure for: 0571IbnCasakir.DhammMalahi.Shamela0026707-ara1
oitei.corpus.corpus - INFO - Converted ../OpenITI-Corpus/0575AH/data/0571IbnCasakir/0571IbnCasakir.DhammMalahi/0571IbnCasakir.DhammMalahi.Shamela0026707-ara1
oitei.corpus.corpus - INFO - Determining directory structure for: 0571IbnCasakir.KashfMughatta.Shamela0006032-ara1
oitei.corpus.corpus - INFO - Converted ../OpenITI-Corpus/0575AH/data/0571IbnCasakir/0571IbnCasakir.KashfMughatta/0571IbnCasakir.KashfMughatta.Shamela0006032-ara1
oitei.corpus.corpus - INFO - Determining directory structure for: 0571IbnCasakir.KashfMughatta.JK001124-ara1
oitei.corpus.corpus - INFO - Converted ../OpenITI-Corpus/0575AH/data/0571IbnCasakir/0571IbnCasakir.KashfMughatta/0571IbnCasakir.KashfMughatta.JK001124-ara1
oitei.corpus.corpus - INFO - Determining directory structure for: 0571IbnCasakir.HadiWaKhamsunMinAmali.Shamela0029789-ara1
oitei.corpus.corpus - INFO - Converted ../OpenITI-Corpus/0575AH/data/0571IbnCasakir/0571IbnCasakir.HadiWaKhamsunMinAmali/0571IbnCasakir.HadiWaKhamsunMinAmali.Shamela0029789-ara1
oitei.corpus.corpus - INFO - Determining directory structure for: 0571IbnCasakir.Tajrid.ShamAY0032878-ara1
oitei.corpus.corpus - INFO - Converted ../OpenITI-Corpus/0575AH/data/0571IbnCasakir/0571IbnCasakir.Tajrid/0571IbnCasakir.Tajrid.ShamAY0032878-ara1
oitei.corpus.corpus - INFO - Determining directory structure for: 0571IbnCasakir.ArbacunaFiHathth.JK000616-ara1
oitei.corpus.corpus - INFO - Converted ../OpenITI-Corpus/0575AH/data/0571IbnCasakir/0571IbnCasakir.ArbacunaFiHathth/0571IbnCasakir.ArbacunaFiHathth.JK000616-ara1
oitei.corpus.corpus - INFO - Determining directory structure for: 0571IbnCasakir.ArbacunaFiHathth.Shamela0005716-ara1
oitei.corpus.corpus - INFO - Converted ../OpenITI-Corpus/0575AH/data/0571IbnCasakir/0571IbnCasakir.ArbacunaFiHathth/0571IbnCasakir.ArbacunaFiHathth.Shamela0005716-ara1
oitei.corpus.corpus - INFO - Determining directory structure for: 0571IbnCasakir.AkhbarLiHifzQuran.Shamela0026866-ara1
oitei.corpus.corpus - INFO - Converted ../OpenITI-Corpus/0575AH/data/0571IbnCasakir/0571IbnCasakir.AkhbarLiHifzQuran/0571IbnCasakir.AkhbarLiHifzQuran.Shamela0026866-ara1
oitei.corpus.corpus - INFO - Determining directory structure for: 0571IbnCasakir.AmaliFiNafyTashbih.ShamAY0033710-ara1
oitei.corpus.corpus - INFO - Converted ../OpenITI-Corpus/0575AH/data/0571IbnCasakir/0571IbnCasakir.AmaliFiNafyTashbih/0571IbnCasakir.AmaliFiNafyTashbih.ShamAY0033710-ara1
oitei.corpus.corpus - INFO - Determining directory structure for: 0571IbnCasakir.ArbacunaBuldaniyya.JK010919-ara1
oitei.corpus.corpus - INFO - Converted ../OpenITI-Corpus/0575AH/data/0571IbnCasakir/0571IbnCasakir.ArbacunaBuldaniyya/0571IbnCasakir.ArbacunaBuldaniyya.JK010919-ara1
oitei.corpus.corpus - INFO - Determining directory structure for: 0571IbnCasakir.ArbacunaBuldaniyya.ShamAY0033614-ara1
oitei.corpus.corpus - INFO - Converted ../OpenITI-Corpus/0575AH/data/0571IbnCasakir/0571IbnCasakir.ArbacunaBuldaniyya/0571IbnCasakir.ArbacunaBuldaniyya.ShamAY0033614-ara1
oitei.corpus.corpus - INFO - Determining directory structure for: 0571IbnCasakir.ArbacunaBuldaniyya.JK000854-ara1
oitei.corpus.corpus - INFO - Converted ../OpenITI-Corpus/0575AH/data/0571IbnCasakir/0571IbnCasakir.ArbacunaBuldaniyya/0571IbnCasakir.ArbacunaBuldaniyya.JK000854-ara1
oitei.corpus.corpus - INFO - Determining directory structure for: 0571IbnCasakir.ArbacunaBuldaniyya.Shamela0005713-ara1
oitei.corpus.corpus - INFO - Converted ../OpenITI-Corpus/0575AH/data/0571IbnCasakir/0571IbnCasakir.ArbacunaBuldaniyya/0571IbnCasakir.ArbacunaBuldaniyya.Shamela0005713-ara1
oitei.corpus.corpus - INFO - Determining directory structure for: 0571IbnCasakir.ArbacunaBuldaniyya.Shia002174-ara1
oitei.corpus.corpus - INFO - Converted ../OpenITI-Corpus/0575AH/data/0571IbnCasakir/0571IbnCasakir.ArbacunaBuldaniyya/0571IbnCasakir.ArbacunaBuldaniyya.Shia002174-ara1
oitei.corpus.corpus - INFO - Determining directory structure for: 0571IbnCasakir.TarjamatHusayn.Shia003699-ara1
oitei.corpus.corpus - INFO - Converted ../OpenITI-Corpus/0575AH/data/0571IbnCasakir/0571IbnCasakir.TarjamatHusayn/0571IbnCasakir.TarjamatHusayn.Shia003699-ara1
oitei.corpus.corpus - INFO - Determining directory structure for: 0571IbnCasakir.DhammManLaYacmaluBiCilmihi.Shamela0026501-ara1
oitei.corpus.corpus - INFO - Converted ../OpenITI-Corpus/0575AH/data/0571IbnCasakir/0571IbnCasakir.DhammManLaYacmaluBiCilmihi/0571IbnCasakir.DhammManLaYacmaluBiCilmihi.Shamela0026501-ara1
oitei.corpus.corpus - INFO - Determining directory structure for: 0571IbnCasakir.MucjamShuyukh.Shamela0012750-ara1.completed
oitei.corpus.corpus - INFO - Converted ../OpenITI-Corpus/0575AH/data/0571IbnCasakir/0571IbnCasakir.MucjamShuyukh/0571IbnCasakir.MucjamShuyukh.Shamela0012750-ara1.completed
oitei.corpus.corpus - INFO - Determining directory structure for: 0571IbnCasakir.TabyinImtinan.Shamela0009965-ara1
oitei.corpus.corpus - INFO - Converted ../OpenITI-Corpus/0575AH/data/0571IbnCasakir/0571IbnCasakir.TabyinImtinan/0571IbnCasakir.TabyinImtinan.Shamela0009965-ara1
oitei.corpus.corpus - INFO - Determining directory structure for: 0571IbnCasakir.DhammDhiWajhayn.Shamela0026467-ara1
oitei.corpus.corpus - INFO - Converted ../OpenITI-Corpus/0575AH/data/0571IbnCasakir/0571IbnCasakir.DhammDhiWajhayn/0571IbnCasakir.DhammDhiWajhayn.Shamela0026467-ara1
oitei.corpus.corpus - INFO - Determining directory structure for: 0571IbnCasakir.TabyinKadhb.Shamela0006549-ara1
oitei.corpus.corpus - INFO - Converted ../OpenITI-Corpus/0575AH/data/0571IbnCasakir/0571IbnCasakir.TabyinKadhb/0571IbnCasakir.TabyinKadhb.Shamela0006549-ara1
oitei.corpus.corpus - INFO - Determining directory structure for: 0571IbnCasakir.TabyinKadhb.JK000318-ara1
oitei.corpus.corpus - INFO - Converted ../OpenITI-Corpus/0575AH/data/0571IbnCasakir/0571IbnCasakir.TabyinKadhb/0571IbnCasakir.TabyinKadhb.JK000318-ara1
oitei.corpus.corpus - INFO - Determining directory structure for: 0571IbnCasakir.MinHadithAhlHurdan.Shamela0026851-ara1
oitei.corpus.corpus - INFO - Converted ../OpenITI-Corpus/0575AH/data/0571IbnCasakir/0571IbnCasakir.MinHadithAhlHurdan/0571IbnCasakir.MinHadithAhlHurdan.Shamela0026851-ara1
oitei.corpus.corpus - INFO - Determining directory structure for: 0562IbnHamdun.TadhkiraHamduniyya.Shamela0010646-ara1
oitei.corpus.corpus - INFO - Converted ../OpenITI-Corpus/0575AH/data/0562IbnHamdun/0562IbnHamdun.TadhkiraHamduniyya/0562IbnHamdun.TadhkiraHamduniyya.Shamela0010646-ara1
oitei.corpus.corpus - INFO - Determining directory structure for: 0562IbnHamdun.TadhkiraHamduniyya.JK009325-ara1
oitei.corpus.corpus - INFO - Converted ../OpenITI-Corpus/0575AH/data/0562IbnHamdun/0562IbnHamdun.TadhkiraHamduniyya/0562IbnHamdun.TadhkiraHamduniyya.JK009325-ara1
oitei.corpus.corpus - INFO - Determining directory structure for: 0570AbuYacqubWarjalani.Asma.ShamIbadiyya0000636-ara1
oitei.corpus.corpus - INFO - Converted ../OpenITI-Corpus/0575AH/data/0570AbuYacqubWarjalani/0570AbuYacqubWarjalani.Asma/0570AbuYacqubWarjalani.Asma.ShamIbadiyya0000636-ara1
oitei.corpus.corpus - INFO - Determining directory structure for: 0570AbuYacqubWarjalani.CadlWaInsaf.ShamIbadiyya0000100-ara1
oitei.corpus.corpus - INFO - Converted ../OpenITI-Corpus/0575AH/data/0570AbuYacqubWarjalani/0570AbuYacqubWarjalani.CadlWaInsaf/0570AbuYacqubWarjalani.CadlWaInsaf.ShamIbadiyya0000100-ara1
oitei.corpus.corpus - INFO - Determining directory structure for: 0570AbuYacqubWarjalani.DalilWaBurhan.ShamIbadiyya0000007-ara1
oitei.corpus.corpus - INFO - Converted ../OpenITI-Corpus/0575AH/data/0570AbuYacqubWarjalani/0570AbuYacqubWarjalani.DalilWaBurhan/0570AbuYacqubWarjalani.DalilWaBurhan.ShamIbadiyya0000007-ara1
oitei.corpus.corpus - INFO - Determining directory structure for: 0566AbuMascudHajji.WafayatJamacatMinMuhaddithin.Shamela0026437-ara1
oitei.corpus.corpus - INFO - Converted ../OpenITI-Corpus/0575AH/data/0566AbuMascudHajji/0566AbuMascudHajji.WafayatJamacatMinMuhaddithin/0566AbuMascudHajji.WafayatJamacatMinMuhaddithin.Shamela0026437-ara1
oitei.corpus.corpus - INFO - Determining directory structure for: 0557IbnCabdAllahKindi.JawharMuqtasar.ShamIbadiyya0000475-ara1
oitei.corpus.corpus - INFO - Converted ../OpenITI-Corpus/0575AH/data/0557IbnCabdAllahKindi/0557IbnCabdAllahKindi.JawharMuqtasar/0557IbnCabdAllahKindi.JawharMuqtasar.ShamIbadiyya0000475-ara1
oitei.corpus.corpus - INFO - Determining directory structure for: 0569CumaraYamani.NukatCasriyya.Kraken22030819564100-ara1
oitei.corpus.corpus - INFO - Converted ../OpenITI-Corpus/0575AH/data/0569CumaraYamani/0569CumaraYamani.NukatCasriyya/0569CumaraYamani.NukatCasriyya.Kraken22030819564100-ara1
oitei.corpus.corpus - INFO - Determining directory structure for: 0569CumaraYamani.NukatCasriyya.Shamela0009248BK1-ara1.mARkdown
oitei.corpus.corpus - INFO - Converted ../OpenITI-Corpus/0575AH/data/0569CumaraYamani/0569CumaraYamani.NukatCasriyya/0569CumaraYamani.NukatCasriyya.Shamela0009248BK1-ara1.mARkdown
oitei.corpus.corpus - INFO - Determining directory structure for: 0561NasrIskandari.AmkinaWaMiyah.Masaha004546Vols-ara1
oitei.corpus.corpus - INFO - Converted ../OpenITI-Corpus/0575AH/data/0561NasrIskandari/0561NasrIskandari.AmkinaWaMiyah/0561NasrIskandari.AmkinaWaMiyah.Masaha004546Vols-ara1
oitei.corpus.corpus - INFO - Determining directory structure for: 0560SharifIdrisi.NuzhatMushtaq.Shia003491Vols-ara1
oitei.corpus.corpus - INFO - Converted ../OpenITI-Corpus/0575AH/data/0560SharifIdrisi/0560SharifIdrisi.NuzhatMushtaq/0560SharifIdrisi.NuzhatMushtaq.Shia003491Vols-ara1
oitei.corpus.corpus - INFO - Determining directory structure for: 0560SharifIdrisi.NuzhatMushtaq.Masaha004636Vols-ara1
oitei.corpus.corpus - INFO - Converted ../OpenITI-Corpus/0575AH/data/0560SharifIdrisi/0560SharifIdrisi.NuzhatMushtaq/0560SharifIdrisi.NuzhatMushtaq.Masaha004636Vols-ara1
oitei.corpus.corpus - INFO - Determining directory structure for: 0560SharifIdrisi.NuzhatMushtaq.Shamela0011787-ara1.mARkdown
oitei.corpus.corpus - INFO - Converted ../OpenITI-Corpus/0575AH/data/0560SharifIdrisi/0560SharifIdrisi.NuzhatMushtaq/0560SharifIdrisi.NuzhatMushtaq.Shamela0011787-ara1.mARkdown
oitei.corpus.corpus - INFO - Determining directory structure for: 0560SharifIdrisi.NuzhatMushtaq.JK001331-ara1
oitei.corpus.corpus - INFO - Converted ../OpenITI-Corpus/0575AH/data/0560SharifIdrisi/0560SharifIdrisi.NuzhatMushtaq/0560SharifIdrisi.NuzhatMushtaq.JK001331-ara1
oitei.corpus.corpus - INFO - Determining directory structure for: 0566MutawakkilAhmad.UsulAhkam.Zaydiyya0000390Vols-ara1
oitei.corpus.corpus - INFO - Converted ../OpenITI-Corpus/0575AH/data/0566MutawakkilAhmad/0566MutawakkilAhmad.UsulAhkam/0566MutawakkilAhmad.UsulAhkam.Zaydiyya0000390Vols-ara1
oitei.corpus.corpus - INFO - Determining directory structure for: 0566MutawakkilAhmad.UsulAhkam.Zaydiyya0000357-ara1
oitei.corpus.corpus - INFO - Converted ../OpenITI-Corpus/0575AH/data/0566MutawakkilAhmad/0566MutawakkilAhmad.UsulAhkam/0566MutawakkilAhmad.UsulAhkam.Zaydiyya0000357-ara1
oitei.corpus.corpus - INFO - Determining directory structure for: 0566MutawakkilAhmad.UsulAhkam.Zaydiyya0000010-ara2
oitei.corpus.corpus - INFO - Converted ../OpenITI-Corpus/0575AH/data/0566MutawakkilAhmad/0566MutawakkilAhmad.UsulAhkam/0566MutawakkilAhmad.UsulAhkam.Zaydiyya0000010-ara2
oitei.corpus.corpus - INFO - Determining directory structure for: 0566MutawakkilAhmad.HaqaiqMacrifa.Zaydiyya0000044-ara1
oitei.corpus.corpus - INFO - Converted ../OpenITI-Corpus/0575AH/data/0566MutawakkilAhmad/0566MutawakkilAhmad.HaqaiqMacrifa/0566MutawakkilAhmad.HaqaiqMacrifa.Zaydiyya0000044-ara1
oitei.corpus.corpus - INFO - Determining directory structure for: 0570IbnMuhammadKarabisiNaysaburi.Furuq.JK000234-ara1
oitei.corpus.corpus - INFO - Converted ../OpenITI-Corpus/0575AH/data/0570IbnMuhammadKarabisiNaysaburi/0570IbnMuhammadKarabisiNaysaburi.Furuq/0570IbnMuhammadKarabisiNaysaburi.Furuq.JK000234-ara1
oitei.corpus.corpus - INFO - Determining directory structure for: 0570IbnMuhammadKarabisiNaysaburi.Furuq.Shamela0008182-ara1
oitei.corpus.corpus - INFO - Converted ../OpenITI-Corpus/0575AH/data/0570IbnMuhammadKarabisiNaysaburi/0570IbnMuhammadKarabisiNaysaburi.Furuq/0570IbnMuhammadKarabisiNaysaburi.Furuq.Shamela0008182-ara1
oitei.corpus.corpus - INFO - Determining directory structure for: 0573IbnHibatAllahQutbDinRawandi.Kharaij.Masaha001018Vols-ara1
oitei.corpus.corpus - INFO - Converted ../OpenITI-Corpus/0575AH/data/0573IbnHibatAllahQutbDinRawandi/0573IbnHibatAllahQutbDinRawandi.Kharaij/0573IbnHibatAllahQutbDinRawandi.Kharaij.Masaha001018Vols-ara1
oitei.corpus.corpus - INFO - Determining directory structure for: 0573IbnHibatAllahQutbDinRawandi.Kharaij.Shia001344Vols-ara1
oitei.corpus.corpus - INFO - Converted ../OpenITI-Corpus/0575AH/data/0573IbnHibatAllahQutbDinRawandi/0573IbnHibatAllahQutbDinRawandi.Kharaij/0573IbnHibatAllahQutbDinRawandi.Kharaij.Shia001344Vols-ara1
oitei.corpus.corpus - INFO - Determining directory structure for: 0573IbnHibatAllahQutbDinRawandi.Kharaij.Zaydiyya0000120-ara1
oitei.corpus.corpus - INFO - Converted ../OpenITI-Corpus/0575AH/data/0573IbnHibatAllahQutbDinRawandi/0573IbnHibatAllahQutbDinRawandi.Kharaij/0573IbnHibatAllahQutbDinRawandi.Kharaij.Zaydiyya0000120-ara1
oitei.corpus.corpus - INFO - Determining directory structure for: 0573IbnHibatAllahQutbDinRawandi.SalwatHazin.Masaha001028-ara1
oitei.corpus.corpus - INFO - Converted ../OpenITI-Corpus/0575AH/data/0573IbnHibatAllahQutbDinRawandi/0573IbnHibatAllahQutbDinRawandi.SalwatHazin/0573IbnHibatAllahQutbDinRawandi.SalwatHazin.Masaha001028-ara1
oitei.corpus.corpus - INFO - Determining directory structure for: 0573IbnHibatAllahQutbDinRawandi.FiqhQuran.Shia002369Vols-ara1
oitei.corpus.corpus - INFO - Converted ../OpenITI-Corpus/0575AH/data/0573IbnHibatAllahQutbDinRawandi/0573IbnHibatAllahQutbDinRawandi.FiqhQuran/0573IbnHibatAllahQutbDinRawandi.FiqhQuran.Shia002369Vols-ara1
oitei.corpus.corpus - INFO - Determining directory structure for: 0573IbnHibatAllahQutbDinRawandi.QisasAnbiya.Shia003700-ara1
oitei.corpus.corpus - INFO - Converted ../OpenITI-Corpus/0575AH/data/0573IbnHibatAllahQutbDinRawandi/0573IbnHibatAllahQutbDinRawandi.QisasAnbiya/0573IbnHibatAllahQutbDinRawandi.QisasAnbiya.Shia003700-ara1
oitei.corpus.corpus - INFO - Determining directory structure for: 0573IbnHibatAllahQutbDinRawandi.Dacawat.Shia000047-ara1
oitei.corpus.corpus - INFO - Converted ../OpenITI-Corpus/0575AH/data/0573IbnHibatAllahQutbDinRawandi/0573IbnHibatAllahQutbDinRawandi.Dacawat/0573IbnHibatAllahQutbDinRawandi.Dacawat.Shia000047-ara1
oitei.corpus.corpus - INFO - Determining directory structure for: 0558IbnAbiKhayrCimraniYamani.BayanFiMadhhabShafici.Shamela0021721-ara1
oitei.corpus.corpus - INFO - Converted ../OpenITI-Corpus/0575AH/data/0558IbnAbiKhayrCimraniYamani/0558IbnAbiKhayrCimraniYamani.BayanFiMadhhabShafici/0558IbnAbiKhayrCimraniYamani.BayanFiMadhhabShafici.Shamela0021721-ara1
oitei.corpus.corpus - INFO - Determining directory structure for: 0558IbnAbiKhayrCimraniYamani.IntisarFiRadd.Shamela0007361-ara1
oitei.corpus.corpus - INFO - Converted ../OpenITI-Corpus/0575AH/data/0558IbnAbiKhayrCimraniYamani/0558IbnAbiKhayrCimraniYamani.IntisarFiRadd/0558IbnAbiKhayrCimraniYamani.IntisarFiRadd.Shamela0007361-ara1
oitei.corpus.corpus - INFO - Determining directory structure for: 0558IbnAbiKhayrCimraniYamani.IntisarFiRadd.JK007004-ara1
oitei.corpus.corpus - INFO - Converted ../OpenITI-Corpus/0575AH/data/0558IbnAbiKhayrCimraniYamani/0558IbnAbiKhayrCimraniYamani.IntisarFiRadd/0558IbnAbiKhayrCimraniYamani.IntisarFiRadd.JK007004-ara1
oitei.corpus.corpus - INFO - Determining directory structure for: 0565IbnFunduqBayhaqi.TatimmatSiwanHikma.JK010273-ara1
oitei.corpus.corpus - INFO - Converted ../OpenITI-Corpus/0575AH/data/0565IbnFunduqBayhaqi/0565IbnFunduqBayhaqi.TatimmatSiwanHikma/0565IbnFunduqBayhaqi.TatimmatSiwanHikma.JK010273-ara1
oitei.corpus.corpus - INFO - Determining directory structure for: 0565IbnFunduqBayhaqi.TatimmatSiwanHikma.Shamela0000273-ara1.completed
oitei.corpus.corpus - INFO - Converted ../OpenITI-Corpus/0575AH/data/0565IbnFunduqBayhaqi/0565IbnFunduqBayhaqi.TatimmatSiwanHikma/0565IbnFunduqBayhaqi.TatimmatSiwanHikma.Shamela0000273-ara1.completed
oitei.corpus.corpus - INFO - Determining directory structure for: 0565IbnFunduqBayhaqi.TarikhBayhaq.Shamela0011758-ara1.completed
oitei.corpus.corpus - INFO - Converted ../OpenITI-Corpus/0575AH/data/0565IbnFunduqBayhaqi/0565IbnFunduqBayhaqi.TarikhBayhaq/0565IbnFunduqBayhaqi.TarikhBayhaq.Shamela0011758-ara1.completed
oitei.corpus.corpus - INFO - Determining directory structure for: 0565IbnFunduqBayhaqi.LubabAnsab.Shamela0000355-ara1.completed
oitei.corpus.corpus - INFO - Converted ../OpenITI-Corpus/0575AH/data/0565IbnFunduqBayhaqi/0565IbnFunduqBayhaqi.LubabAnsab/0565IbnFunduqBayhaqi.LubabAnsab.Shamela0000355-ara1.completed
oitei.corpus.corpus - INFO - Determining directory structure for: 0565IbnFunduqBayhaqi.LubabAnsab.JK010355-ara1
oitei.corpus.corpus - INFO - Converted ../OpenITI-Corpus/0575AH/data/0565IbnFunduqBayhaqi/0565IbnFunduqBayhaqi.LubabAnsab/0565IbnFunduqBayhaqi.LubabAnsab.JK010355-ara1
oitei.corpus.corpus - INFO - Determining directory structure for: 0569AbuIshaqIbnQurqul.MatalicAnwar.Sham19Y0122402-ara1
oitei.corpus.corpus - INFO - Converted ../OpenITI-Corpus/0575AH/data/0569AbuIshaqIbnQurqul/0569AbuIshaqIbnQurqul.MatalicAnwar/0569AbuIshaqIbnQurqul.MatalicAnwar.Sham19Y0122402-ara1
oitei.corpus.corpus - INFO - Determining directory structure for: 0565IbnMuhammadAbuBakrBaghdadi.Khumasiyyat.Shamela0029932-ara1
oitei.corpus.corpus - INFO - Converted ../OpenITI-Corpus/0575AH/data/0565IbnMuhammadAbuBakrBaghdadi/0565IbnMuhammadAbuBakrBaghdadi.Khumasiyyat/0565IbnMuhammadAbuBakrBaghdadi.Khumasiyyat.Shamela0029932-ara1
oitei.corpus.corpus - INFO - Determining directory structure for: 0565IbnMuhammadAbuBakrBaghdadi.Mashyakha.Shamela0026665-ara1.completed
oitei.corpus.corpus - INFO - Converted ../OpenITI-Corpus/0575AH/data/0565IbnMuhammadAbuBakrBaghdadi/0565IbnMuhammadAbuBakrBaghdadi.Mashyakha/0565IbnMuhammadAbuBakrBaghdadi.Mashyakha.Shamela0026665-ara1.completed
oitei.corpus.corpus - INFO - Determining directory structure for: 0575Anonymous.RaddIfhamYahud.JMIHE07-ara1.mARkdown
oitei.corpus.corpus - INFO - Converted ../OpenITI-Corpus/0575AH/data/0575Anonymous/0575Anonymous.RaddIfhamYahud/0575Anonymous.RaddIfhamYahud.JMIHE07-ara1.mARkdown
oitei.corpus.corpus - INFO - Determining directory structure for: 0564IbnNasrIbnDajajiHanbali.SafatMulah.Shamela0005355-ara1
oitei.corpus.corpus - INFO - Converted ../OpenITI-Corpus/0575AH/data/0564IbnNasrIbnDajajiHanbali/0564IbnNasrIbnDajajiHanbali.SafatMulah/0564IbnNasrIbnDajajiHanbali.SafatMulah.Shamela0005355-ara1
oitei.corpus.corpus - INFO - Determining directory structure for: 0574ShuhdaBintAhmad.Cumda.JK001207-ara1
oitei.corpus.corpus - INFO - Converted ../OpenITI-Corpus/0575AH/data/0574ShuhdaBintAhmad/0574ShuhdaBintAhmad.Cumda/0574ShuhdaBintAhmad.Cumda.JK001207-ara1
oitei.corpus.corpus - INFO - Determining directory structure for: 0574ShuhdaBintAhmad.Cumda.Shamela0007375-ara1
oitei.corpus.corpus - INFO - Converted ../OpenITI-Corpus/0575AH/data/0574ShuhdaBintAhmad/0574ShuhdaBintAhmad.Cumda/0574ShuhdaBintAhmad.Cumda.Shamela0007375-ara1
oitei.corpus.corpus - INFO - Determining directory structure for: 0565AbuHamidGharnati.TuhfatAlbab.Kraken22020804103900-ara1
oitei.corpus.corpus - INFO - Converted ../OpenITI-Corpus/0575AH/data/0565AbuHamidGharnati/0565AbuHamidGharnati.TuhfatAlbab/0565AbuHamidGharnati.TuhfatAlbab.Kraken22020804103900-ara1
oitei.corpus.corpus - INFO - Determining directory structure for: 0560AbuMansurTabarsi.Ihtijaj.Rafed0001121-ara1
oitei.corpus.corpus - INFO - Converted ../OpenITI-Corpus/0575AH/data/0560AbuMansurTabarsi/0560AbuMansurTabarsi.Ihtijaj/0560AbuMansurTabarsi.Ihtijaj.Rafed0001121-ara1
oitei.corpus.corpus - INFO - Determining directory structure for: 0564IbnCabdWahidSamarqandi.MujibatJanna.Shamela0026378-ara1
oitei.corpus.corpus - INFO - Converted ../OpenITI-Corpus/0575AH/data/0564IbnCabdWahidSamarqandi/0564IbnCabdWahidSamarqandi.MujibatJanna/0564IbnCabdWahidSamarqandi.MujibatJanna.Shamela0026378-ara1
oitei.corpus.corpus - INFO - Determining directory structure for: 0564IbnCabdWahidSamarqandi.Majlis.JK007025-ara1
oitei.corpus.corpus - INFO - Converted ../OpenITI-Corpus/0575AH/data/0564IbnCabdWahidSamarqandi/0564IbnCabdWahidSamarqandi.Majlis/0564IbnCabdWahidSamarqandi.Majlis.JK007025-ara1
oitei.corpus.corpus - INFO - Determining directory structure for: 0573NashwanHimyari.KhulasatSiyar.Shamela0000763-ara1
oitei.corpus.corpus - INFO - Converted ../OpenITI-Corpus/0575AH/data/0573NashwanHimyari/0573NashwanHimyari.KhulasatSiyar/0573NashwanHimyari.KhulasatSiyar.Shamela0000763-ara1
oitei.corpus.corpus - INFO - Determining directory structure for: 0573NashwanHimyari.KhulasatSiyar.JK010763-ara1
oitei.corpus.corpus - INFO - Converted ../OpenITI-Corpus/0575AH/data/0573NashwanHimyari/0573NashwanHimyari.KhulasatSiyar/0573NashwanHimyari.KhulasatSiyar.JK010763-ara1
oitei.corpus.corpus - INFO - Determining directory structure for: 0573NashwanHimyari.ShamsCulum.Masaha003682Vols-ara1
oitei.corpus.corpus - INFO - Converted ../OpenITI-Corpus/0575AH/data/0573NashwanHimyari/0573NashwanHimyari.ShamsCulum/0573NashwanHimyari.ShamsCulum.Masaha003682Vols-ara1
oitei.corpus.corpus - INFO - Determining directory structure for: 0573NashwanHimyari.ShamsCulum.Shamela0023358-ara1
oitei.corpus.corpus - INFO - Converted ../OpenITI-Corpus/0575AH/data/0573NashwanHimyari/0573NashwanHimyari.ShamsCulum/0573NashwanHimyari.ShamsCulum.Shamela0023358-ara1
oitei.corpus.corpus - INFO - Determining directory structure for: 0573NashwanHimyari.ShamsCulum.ShamIbadiyya0000880-ara1
oitei.corpus.corpus - INFO - Converted ../OpenITI-Corpus/0575AH/data/0573NashwanHimyari/0573NashwanHimyari.ShamsCulum/0573NashwanHimyari.ShamsCulum.ShamIbadiyya0000880-ara1
oitei.corpus.corpus - INFO - Determining directory structure for: 0573NashwanHimyari.HurCin.Shamela0022885-ara1
oitei.corpus.corpus - INFO - Converted ../OpenITI-Corpus/0575AH/data/0573NashwanHimyari/0573NashwanHimyari.HurCin/0573NashwanHimyari.HurCin.Shamela0022885-ara1
oitei.corpus.corpus - INFO - Determining directory structure for: 0573NashwanHimyari.HurCin.JK010635-ara1
oitei.corpus.corpus - INFO - Converted ../OpenITI-Corpus/0575AH/data/0573NashwanHimyari/0573NashwanHimyari.HurCin/0573NashwanHimyari.HurCin.JK010635-ara1
oitei.corpus.corpus - INFO - Determining directory structure for: 0572CuthmaniDibaji.Hadith.Sham19Y0009450-ara1
oitei.corpus.corpus - INFO - Converted ../OpenITI-Corpus/0575AH/data/0572CuthmaniDibaji/0572CuthmaniDibaji.Hadith/0572CuthmaniDibaji.Hadith.Sham19Y0009450-ara1
oitei.corpus.corpus - INFO - Determining directory structure for: 0560WazirIbnHubayraShaybani.IkhtilafAimma.JK009140-ara1
oitei.corpus.corpus - INFO - Converted ../OpenITI-Corpus/0575AH/data/0560WazirIbnHubayraShaybani/0560WazirIbnHubayraShaybani.IkhtilafAimma/0560WazirIbnHubayraShaybani.IkhtilafAimma.JK009140-ara1
oitei.corpus.corpus - INFO - Determining directory structure for: 0560WazirIbnHubayraShaybani.IkhtilafAimma.Shamela0006228-ara1
oitei.corpus.corpus - INFO - Converted ../OpenITI-Corpus/0575AH/data/0560WazirIbnHubayraShaybani/0560WazirIbnHubayraShaybani.IkhtilafAimma/0560WazirIbnHubayraShaybani.IkhtilafAimma.Shamela0006228-ara1
oitei.corpus.corpus - INFO - Determining directory structure for: 0560WazirIbnHubayraShaybani.Ifsah.Sham19Y0013572-ara1
oitei.corpus.corpus - INFO - Converted ../OpenITI-Corpus/0575AH/data/0560WazirIbnHubayraShaybani/0560WazirIbnHubayraShaybani.Ifsah/0560WazirIbnHubayraShaybani.Ifsah.Sham19Y0013572-ara1
oitei.corpus.corpus - INFO - Determining directory structure for: 0575AbuHusaynIbnCabdKhaliq.Ahadith.ShamAY0032833-ara1
oitei.corpus.corpus - INFO - Converted ../OpenITI-Corpus/0575AH/data/0575AbuHusaynIbnCabdKhaliq/0575AbuHusaynIbnCabdKhaliq.Ahadith/0575AbuHusaynIbnCabdKhaliq.Ahadith.ShamAY0032833-ara1
oitei.corpus.corpus - INFO - Determining directory structure for: 0560IbnHamzaTusi.ThaqibFiManaqib.Masaha001923-ara1
oitei.corpus.corpus - INFO - Converted ../OpenITI-Corpus/0575AH/data/0560IbnHamzaTusi/0560IbnHamzaTusi.ThaqibFiManaqib/0560IbnHamzaTusi.ThaqibFiManaqib.Masaha001923-ara1
oitei.corpus.corpus - INFO - Determining directory structure for: 0560IbnHamzaTusi.ThaqibFiManaqib.Shia001341-ara1
oitei.corpus.corpus - INFO - Converted ../OpenITI-Corpus/0575AH/data/0560IbnHamzaTusi/0560IbnHamzaTusi.ThaqibFiManaqib/0560IbnHamzaTusi.ThaqibFiManaqib.Shia001341-ara1
oitei.corpus.corpus - INFO - Determining directory structure for: 0560IbnHamzaTusi.Wasila.Masaha000627-ara1
oitei.corpus.corpus - INFO - Converted ../OpenITI-Corpus/0575AH/data/0560IbnHamzaTusi/0560IbnHamzaTusi.Wasila/0560IbnHamzaTusi.Wasila.Masaha000627-ara1
oitei.corpus.corpus - INFO - Determining directory structure for: 0560IbnHamzaTusi.Wasila.Shia000046-ara1
oitei.corpus.corpus - INFO - Converted ../OpenITI-Corpus/0575AH/data/0560IbnHamzaTusi/0560IbnHamzaTusi.Wasila/0560IbnHamzaTusi.Wasila.Shia000046-ara1
oitei.corpus.corpus - INFO - Determining directory structure for: 0567CarqalaKalbi.Diwan.JK007621-ara1
oitei.corpus.corpus - INFO - Converted ../OpenITI-Corpus/0575AH/data/0567CarqalaKalbi/0567CarqalaKalbi.Diwan/0567CarqalaKalbi.Diwan.JK007621-ara1
oitei.corpus.corpus - INFO - Determining directory structure for: 0567CarqalaKalbi.Diwan.ShamAY0037935-ara1
oitei.corpus.corpus - INFO - Converted ../OpenITI-Corpus/0575AH/data/0567CarqalaKalbi/0567CarqalaKalbi.Diwan/0567CarqalaKalbi.Diwan.ShamAY0037935-ara1
oitei.corpus.corpus - INFO - Determining directory structure for: 0555IbnQalanisi.Tarikh.Shamela0022799-ara1.completed
oitei.corpus.corpus - INFO - Converted ../OpenITI-Corpus/0575AH/data/0555IbnQalanisi/0555IbnQalanisi.Tarikh/0555IbnQalanisi.Tarikh.Shamela0022799-ara1.completed
oitei.corpus.corpus - INFO - Determining directory structure for: 0555IbnQalanisi.Tarikh.JK010402-ara1
oitei.corpus.corpus - INFO - Converted ../OpenITI-Corpus/0575AH/data/0555IbnQalanisi/0555IbnQalanisi.Tarikh/0555IbnQalanisi.Tarikh.JK010402-ara1
oitei.corpus.corpus - INFO - Determining directory structure for: 0555IbnQalanisi.Tarikh.Masaha003958Vols-ara1
oitei.corpus.corpus - INFO - Converted ../OpenITI-Corpus/0575AH/data/0555IbnQalanisi/0555IbnQalanisi.Tarikh/0555IbnQalanisi.Tarikh.Masaha003958Vols-ara1
oitei.corpus.corpus - INFO - Determining directory structure for: 0555IbnQalanisi.Tarikh.Rafed0002269-ara1
oitei.corpus.corpus - INFO - Converted ../OpenITI-Corpus/0575AH/data/0555IbnQalanisi/0555IbnQalanisi.Tarikh/0555IbnQalanisi.Tarikh.Rafed0002269-ara1
oitei.corpus.corpus - INFO - Determining directory structure for: 0572RusafiBalansi.Diwan.JK007575-ara1
oitei.corpus.corpus - INFO - Converted ../OpenITI-Corpus/0575AH/data/0572RusafiBalansi/0572RusafiBalansi.Diwan/0572RusafiBalansi.Diwan.JK007575-ara1
oitei.corpus.corpus - INFO - Determining directory structure for: 0572RusafiBalansi.Diwan.ShamAY0037883-ara1
oitei.corpus.corpus - INFO - Converted ../OpenITI-Corpus/0575AH/data/0572RusafiBalansi/0572RusafiBalansi.Diwan/0572RusafiBalansi.Diwan.ShamAY0037883-ara1
oitei.corpus.corpus - INFO - Determining directory structure for: 0564CabdKhaliqIbnAsadHanafi.Mucjam.Sham19Y0123581-ara1
oitei.corpus.corpus - INFO - Converted ../OpenITI-Corpus/0575AH/data/0564CabdKhaliqIbnAsadHanafi/0564CabdKhaliqIbnAsadHanafi.Mucjam/0564CabdKhaliqIbnAsadHanafi.Mucjam.Sham19Y0123581-ara1
oitei.corpus.corpus - INFO - Determining directory structure for: 0562IbnHasanIsbahaniThaqafi.CarusAjza.Shamela0026746-ara1
oitei.corpus.corpus - INFO - Converted ../OpenITI-Corpus/0575AH/data/0562IbnHasanIsbahaniThaqafi/0562IbnHasanIsbahaniThaqafi.CarusAjza/0562IbnHasanIsbahaniThaqafi.CarusAjza.Shamela0026746-ara1
oitei.corpus.corpus - INFO - Determining directory structure for: 0562IbnHasanIsbahaniThaqafi.Fawaid.Shamela0029976-ara1
oitei.corpus.corpus - INFO - Converted ../OpenITI-Corpus/0575AH/data/0562IbnHasanIsbahaniThaqafi/0562IbnHasanIsbahaniThaqafi.Fawaid/0562IbnHasanIsbahaniThaqafi.Fawaid.Shamela0029976-ara1
oitei.corpus.corpus - INFO - Determining directory structure for: 0568MuwaffaqKhwarazmi.MaqtalHusayn.Rafed0003228Vols-ara1
oitei.corpus.corpus - INFO - Converted ../OpenITI-Corpus/0575AH/data/0568MuwaffaqKhwarazmi/0568MuwaffaqKhwarazmi.MaqtalHusayn/0568MuwaffaqKhwarazmi.MaqtalHusayn.Rafed0003228Vols-ara1
oitei.corpus.corpus - INFO - Determining directory structure for: 0568MuwaffaqKhwarazmi.Manaqib.Shia003697-ara1
oitei.corpus.corpus - INFO - Converted ../OpenITI-Corpus/0575AH/data/0568MuwaffaqKhwarazmi/0568MuwaffaqKhwarazmi.Manaqib/0568MuwaffaqKhwarazmi.Manaqib.Shia003697-ara1
oitei.corpus.corpus - INFO - Determining directory structure for: 0570IbnYahyaSamawalMaghribi.BadhlMajhudFiIfhamYahud.ShamAY0000406-ara1
oitei.corpus.corpus - INFO - Converted ../OpenITI-Corpus/0575AH/data/0570IbnYahyaSamawalMaghribi/0570IbnYahyaSamawalMaghribi.BadhlMajhudFiIfhamYahud/0570IbnYahyaSamawalMaghribi.BadhlMajhudFiIfhamYahud.ShamAY0000406-ara1
oitei.corpus.corpus - INFO - Determining directory structure for: 0570IbnYahyaSamawalMaghribi.BadhlMajhudFiIfhamYahud.Shamela0010719-ara1
oitei.corpus.corpus - INFO - Converted ../OpenITI-Corpus/0575AH/data/0570IbnYahyaSamawalMaghribi/0570IbnYahyaSamawalMaghribi.BadhlMajhudFiIfhamYahud/0570IbnYahyaSamawalMaghribi.BadhlMajhudFiIfhamYahud.Shamela0010719-ara1
oitei.corpus.corpus - INFO - Determining directory structure for: 0570IbnYahyaSamawalMaghribi.GhayatMaqsud.Shamela0012757-ara1
oitei.corpus.corpus - INFO - Converted ../OpenITI-Corpus/0575AH/data/0570IbnYahyaSamawalMaghribi/0570IbnYahyaSamawalMaghribi.GhayatMaqsud/0570IbnYahyaSamawalMaghribi.GhayatMaqsud.Shamela0012757-ara1
oitei.corpus.corpus - INFO - Determining directory structure for: 0570IbnYahyaSamawalMaghribi.IfhamYahud.JK001024-ara1
oitei.corpus.corpus - INFO - Converted ../OpenITI-Corpus/0575AH/data/0570IbnYahyaSamawalMaghribi/0570IbnYahyaSamawalMaghribi.IfhamYahud/0570IbnYahyaSamawalMaghribi.IfhamYahud.JK001024-ara1
oitei.corpus.corpus - INFO - Determining directory structure for: 0570IbnYahyaSamawalMaghribi.IfhamYahud.Shamela0006529-ara1
oitei.corpus.corpus - INFO - Converted ../OpenITI-Corpus/0575AH/data/0570IbnYahyaSamawalMaghribi/0570IbnYahyaSamawalMaghribi.IfhamYahud/0570IbnYahyaSamawalMaghribi.IfhamYahud.Shamela0006529-ara1
oitei.corpus.corpus - INFO - Determining directory structure for: 0563IbnMuqarrabBaghdadiKarkhi.Arbacuna.Shamela0009361-ara1
oitei.corpus.corpus - INFO - Converted ../OpenITI-Corpus/0575AH/data/0563IbnMuqarrabBaghdadiKarkhi/0563IbnMuqarrabBaghdadiKarkhi.Arbacuna/0563IbnMuqarrabBaghdadiKarkhi.Arbacuna.Shamela0009361-ara1
oitei.corpus.corpus - INFO - Determining directory structure for: 0571IbnCaliDiyaDinRawandi.Nawadir.Shia001343-ara1
oitei.corpus.corpus - INFO - Converted ../OpenITI-Corpus/0575AH/data/0571IbnCaliDiyaDinRawandi/0571IbnCaliDiyaDinRawandi.Nawadir/0571IbnCaliDiyaDinRawandi.Nawadir.Shia001343-ara1
oitei.corpus.corpus - INFO - Determining directory structure for: 0552CalaUsmandi.Badhl.Sham19Y0133362-ara1
oitei.corpus.corpus - INFO - Converted ../OpenITI-Corpus/0575AH/data/0552CalaUsmandi/0552CalaUsmandi.Badhl/0552CalaUsmandi.Badhl.Sham19Y0133362-ara1
oitei.corpus.corpus - INFO - Determining directory structure for: 0552CalaUsmandi.Tariqa.Sham19Y0133415-ara1
oitei.corpus.corpus - INFO - Converted ../OpenITI-Corpus/0575AH/data/0552CalaUsmandi/0552CalaUsmandi.Tariqa/0552CalaUsmandi.Tariqa.Sham19Y0133415-ara1
oitei.corpus.corpus - INFO - Determining directory structure for: 0561CabdQadirJilani.AdabSuluk.eScr20120913-ara1
oitei.corpus.corpus - INFO - Converted ../OpenITI-Corpus/0575AH/data/0561CabdQadirJilani/0561CabdQadirJilani.AdabSuluk/0561CabdQadirJilani.AdabSuluk.eScr20120913-ara1
oitei.corpus.corpus - INFO - Determining directory structure for: 0561CabdQadirJilani.Tafsir.Tafsir03095-ara1
oitei.corpus.corpus - INFO - Converted ../OpenITI-Corpus/0575AH/data/0561CabdQadirJilani/0561CabdQadirJilani.Tafsir/0561CabdQadirJilani.Tafsir.Tafsir03095-ara1
oitei.corpus.corpus - INFO - Determining directory structure for: 0561CabdQadirJilani.SirrAsrar.Kraken22021606122001-ara1
oitei.corpus.corpus - INFO - Converted ../OpenITI-Corpus/0575AH/data/0561CabdQadirJilani/0561CabdQadirJilani.SirrAsrar/0561CabdQadirJilani.SirrAsrar.Kraken22021606122001-ara1
oitei.corpus.corpus - INFO - Determining directory structure for: 0561CabdQadirJilani.Ghunya.Sham19Y0017817-ara1
oitei.corpus.corpus - INFO - Converted ../OpenITI-Corpus/0575AH/data/0561CabdQadirJilani/0561CabdQadirJilani.Ghunya/0561CabdQadirJilani.Ghunya.Sham19Y0017817-ara1
oitei.corpus.corpus - INFO - Determining directory structure for: 0561CabdQadirJilani.Diwan.Kraken22021606121600-ara1
oitei.corpus.corpus - INFO - Converted ../OpenITI-Corpus/0575AH/data/0561CabdQadirJilani/0561CabdQadirJilani.Diwan/0561CabdQadirJilani.Diwan.Kraken22021606121600-ara1
oitei.corpus.corpus - INFO - Determining directory structure for: 0561CabdQadirJilani.Tariq.Kraken22021606122002-ara1
oitei.corpus.corpus - INFO - Converted ../OpenITI-Corpus/0575AH/data/0561CabdQadirJilani/0561CabdQadirJilani.Tariq/0561CabdQadirJilani.Tariq.Kraken22021606122002-ara1
oitei.corpus.corpus - INFO - Determining directory structure for: 0561CabdQadirJilani.JalaKhatir.Kraken22021606122302-ara1
oitei.corpus.corpus - INFO - Converted ../OpenITI-Corpus/0575AH/data/0561CabdQadirJilani/0561CabdQadirJilani.JalaKhatir/0561CabdQadirJilani.JalaKhatir.Kraken22021606122302-ara1
oitei.corpus.corpus - INFO - Determining directory structure for: 0563IbnCaliTamidhi.Juz.ShamAY0033582-ara1
oitei.corpus.corpus - INFO - Converted ../OpenITI-Corpus/0575AH/data/0563IbnCaliTamidhi/0563IbnCaliTamidhi.Juz/0563IbnCaliTamidhi.Juz.ShamAY0033582-ara1
oitei.corpus.corpus - INFO - Determining directory structure for: 0575IbnBabawayhMuntajabDin.Arbacuna.ShamAY0032835-ara1
oitei.corpus.corpus - INFO - Converted ../OpenITI-Corpus/0575AH/data/0575IbnBabawayhMuntajabDin/0575IbnBabawayhMuntajabDin.Arbacuna/0575IbnBabawayhMuntajabDin.Arbacuna.ShamAY0032835-ara1
oitei.corpus.corpus - INFO - Determining directory structure for: 0575IbnBabawayhMuntajabDin.Arbacuna.Masaha004533-ara1
oitei.corpus.corpus - INFO - Converted ../OpenITI-Corpus/0575AH/data/0575IbnBabawayhMuntajabDin/0575IbnBabawayhMuntajabDin.Arbacuna/0575IbnBabawayhMuntajabDin.Arbacuna.Masaha004533-ara1
oitei.corpus.corpus - INFO - Determining directory structure for: 0575IbnBabawayhMuntajabDin.Arbacuna.Shia001348-ara1
oitei.corpus.corpus - INFO - Converted ../OpenITI-Corpus/0575AH/data/0575IbnBabawayhMuntajabDin/0575IbnBabawayhMuntajabDin.Arbacuna/0575IbnBabawayhMuntajabDin.Arbacuna.Shia001348-ara1
oitei.corpus.corpus - INFO - Determining directory structure for: 0575IbnBabawayhMuntajabDin.Fihrist.Masaha003497-ara1
oitei.corpus.corpus - INFO - Converted ../OpenITI-Corpus/0575AH/data/0575IbnBabawayhMuntajabDin/0575IbnBabawayhMuntajabDin.Fihrist/0575IbnBabawayhMuntajabDin.Fihrist.Masaha003497-ara1
oitei.corpus.corpus - INFO - Determining directory structure for: 0575IbnBabawayhMuntajabDin.Fihrist.Shia002937-ara1.completed
oitei.corpus.corpus - INFO - Converted ../OpenITI-Corpus/0575AH/data/0575IbnBabawayhMuntajabDin/0575IbnBabawayhMuntajabDin.Fihrist/0575IbnBabawayhMuntajabDin.Fihrist.Shia002937-ara1.completed
oitei.corpus.corpus - INFO - Determining directory structure for: 0569IbnAhmadCattarHamadhani.Futya.JK001050-ara1
oitei.corpus.corpus - INFO - Converted ../OpenITI-Corpus/0575AH/data/0569IbnAhmadCattarHamadhani/0569IbnAhmadCattarHamadhani.Futya/0569IbnAhmadCattarHamadhani.Futya.JK001050-ara1
oitei.corpus.corpus - INFO - Determining directory structure for: 0569IbnAhmadCattarHamadhani.Futya.Shamela0006429-ara1
oitei.corpus.corpus - INFO - Converted ../OpenITI-Corpus/0575AH/data/0569IbnAhmadCattarHamadhani/0569IbnAhmadCattarHamadhani.Futya/0569IbnAhmadCattarHamadhani.Futya.Shamela0006429-ara1
oitei.corpus.corpus - INFO - Created TEI website.
